#
# There is insufficient memory for the Java Runtime Environment to continue.
# Native memory allocation (mmap) failed to map 1431699456 bytes for committing reserved memory.
# Possible reasons:
#   The system is out of physical RAM or swap space
#   The process is running with CompressedOops enabled, and the Java Heap may be blocking the growth of the native heap
# Possible solutions:
#   Reduce memory load on the system
#   Increase physical memory or swap space
#   Check if swap backing store is full
#   Decrease Java heap size (-Xmx/-Xms)
#   Decrease number of Java threads
#   Decrease Java thread stack sizes (-Xss)
#   Set larger code cache with -XX:ReservedCodeCacheSize=
# This output file may be truncated or incomplete.
#
#  Out of Memory Error (os_linux.cpp:2798), pid=14697, tid=0x00007fb0ec943700
#
# JRE version:  (8.0_352-b08) (build )
# Java VM: OpenJDK 64-Bit Server VM (25.352-b08 mixed mode linux-amd64 compressed oops)
# Failed to write core dump. Core dumps have been disabled. To enable core dumping, try "ulimit -c unlimited" before starting Java again
#

---------------  T H R E A D  ---------------

Current thread (0x00007fb0e800a800):  JavaThread "Unknown thread" [_thread_in_vm, id=14698, stack(0x00007fb0ec844000,0x00007fb0ec944000)]

Stack: [0x00007fb0ec844000,0x00007fb0ec944000],  sp=0x00007fb0ec9424d0,  free space=1017k
Native frames: (J=compiled Java code, j=interpreted, Vv=VM code, C=native code)
V  [libjvm.so+0xb34b3a]
V  [libjvm.so+0x4ed981]
V  [libjvm.so+0x97decf]
V  [libjvm.so+0x975532]
V  [libjvm.so+0xb31414]
V  [libjvm.so+0x5fa1c9]
V  [libjvm.so+0xacd50e]
V  [libjvm.so+0x5faf49]
V  [libjvm.so+0x5e47f2]
V  [libjvm.so+0xaf704a]
V  [libjvm.so+0xaf72d9]
V  [libjvm.so+0x642f0f]
V  [libjvm.so+0xad7120]
V  [libjvm.so+0x724bc2]  JNI_CreateJavaVM+0x62
C  [libjli.so+0x442a]
C  [libjli.so+0x8dc1]
C  [libpthread.so.0+0x9609]  start_thread+0xd9


---------------  P R O C E S S  ---------------

Java Threads: ( => current thread )

Other Threads:

=>0x00007fb0e800a800 (exited) JavaThread "Unknown thread" [_thread_in_vm, id=14698, stack(0x00007fb0ec844000,0x00007fb0ec944000)]

VM state:not at safepoint (not fully initialized)

VM Mutex/Monitor currently owned by a thread: None

heap address: 0x0000000080000000, size: 2048 MB, Compressed Oops mode: Non-zero based:0x000000007ffff000
Narrow klass base: 0x0000000000000000, Narrow klass shift: 0

GC Heap History (0 events):
No events

Deoptimization events (0 events):
No events

Classes redefined (0 events):
No events

Internal exceptions (0 events):
No events

Events (0 events):
No events


Dynamic libraries:
80000000-aaaa0000 rw-p 00000000 00:00 0 
55ee5a3c8000-55ee5a3c9000 r--p 00000000 b6:d5341 277520                  /usr/lib/jvm/java-8-openjdk-amd64/jre/bin/java
55ee5a3c9000-55ee5a3ca000 r-xp 00001000 b6:d5341 277520                  /usr/lib/jvm/java-8-openjdk-amd64/jre/bin/java
55ee5a3ca000-55ee5a3cb000 r--p 00002000 b6:d5341 277520                  /usr/lib/jvm/java-8-openjdk-amd64/jre/bin/java
55ee5a3cb000-55ee5a3cc000 r--p 00002000 b6:d5341 277520                  /usr/lib/jvm/java-8-openjdk-amd64/jre/bin/java
55ee5a3cc000-55ee5a3cd000 rw-p 00003000 b6:d5341 277520                  /usr/lib/jvm/java-8-openjdk-amd64/jre/bin/java
55ee5b439000-55ee5b45a000 rw-p 00000000 00:00 0                          [heap]
7fb0d9000000-7fb0d9270000 rwxp 00000000 00:00 0 
7fb0d9270000-7fb0e8000000 ---p 00000000 00:00 0 
7fb0e8000000-7fb0e8033000 rw-p 00000000 00:00 0 
7fb0e8033000-7fb0ec000000 ---p 00000000 00:00 0 
7fb0ec006000-7fb0ec15c000 rw-p 00000000 00:00 0 
7fb0ec15c000-7fb0ec406000 ---p 00000000 00:00 0 
7fb0ec406000-7fb0ec411000 rw-p 00000000 00:00 0 
7fb0ec411000-7fb0ec7c7000 ---p 00000000 00:00 0 
7fb0ec7c7000-7fb0ec7ca000 r--p 00000000 b6:d5341 277566                  /usr/lib/jvm/java-8-openjdk-amd64/jre/lib/amd64/libzip.so
7fb0ec7ca000-7fb0ec7cf000 r-xp 00003000 b6:d5341 277566                  /usr/lib/jvm/java-8-openjdk-amd64/jre/lib/amd64/libzip.so
7fb0ec7cf000-7fb0ec7d1000 r--p 00008000 b6:d5341 277566                  /usr/lib/jvm/java-8-openjdk-amd64/jre/lib/amd64/libzip.so
7fb0ec7d1000-7fb0ec7d2000 r--p 00009000 b6:d5341 277566                  /usr/lib/jvm/java-8-openjdk-amd64/jre/lib/amd64/libzip.so
7fb0ec7d2000-7fb0ec7d3000 rw-p 0000a000 b6:d5341 277566                  /usr/lib/jvm/java-8-openjdk-amd64/jre/lib/amd64/libzip.so
7fb0ec7d3000-7fb0ec7db000 rw-s 00000000 b6:d5341 22280                   /tmp/hsperfdata_root/14697
7fb0ec7db000-7fb0ec7de000 r--p 00000000 b6:d5341 139                     /lib/x86_64-linux-gnu/libnss_files-2.31.so
7fb0ec7de000-7fb0ec7e5000 r-xp 00003000 b6:d5341 139                     /lib/x86_64-linux-gnu/libnss_files-2.31.so
7fb0ec7e5000-7fb0ec7e7000 r--p 0000a000 b6:d5341 139                     /lib/x86_64-linux-gnu/libnss_files-2.31.so
7fb0ec7e7000-7fb0ec7e8000 r--p 0000b000 b6:d5341 139                     /lib/x86_64-linux-gnu/libnss_files-2.31.so
7fb0ec7e8000-7fb0ec7e9000 rw-p 0000c000 b6:d5341 139                     /lib/x86_64-linux-gnu/libnss_files-2.31.so
7fb0ec7e9000-7fb0ec7ef000 rw-p 00000000 00:00 0 
7fb0ec7f6000-7fb0ec803000 r--p 00000000 b6:d5341 277547                  /usr/lib/jvm/java-8-openjdk-amd64/jre/lib/amd64/libjava.so
7fb0ec803000-7fb0ec81b000 r-xp 0000d000 b6:d5341 277547                  /usr/lib/jvm/java-8-openjdk-amd64/jre/lib/amd64/libjava.so
7fb0ec81b000-7fb0ec822000 r--p 00025000 b6:d5341 277547                  /usr/lib/jvm/java-8-openjdk-amd64/jre/lib/amd64/libjava.so
7fb0ec822000-7fb0ec823000 r--p 0002b000 b6:d5341 277547                  /usr/lib/jvm/java-8-openjdk-amd64/jre/lib/amd64/libjava.so
7fb0ec823000-7fb0ec825000 rw-p 0002c000 b6:d5341 277547                  /usr/lib/jvm/java-8-openjdk-amd64/jre/lib/amd64/libjava.so
7fb0ec825000-7fb0ec82a000 r--p 00000000 b6:d5341 277565                  /usr/lib/jvm/java-8-openjdk-amd64/jre/lib/amd64/libverify.so
7fb0ec82a000-7fb0ec833000 r-xp 00005000 b6:d5341 277565                  /usr/lib/jvm/java-8-openjdk-amd64/jre/lib/amd64/libverify.so
7fb0ec833000-7fb0ec835000 r--p 0000e000 b6:d5341 277565                  /usr/lib/jvm/java-8-openjdk-amd64/jre/lib/amd64/libverify.so
7fb0ec835000-7fb0ec837000 r--p 0000f000 b6:d5341 277565                  /usr/lib/jvm/java-8-openjdk-amd64/jre/lib/amd64/libverify.so
7fb0ec837000-7fb0ec838000 rw-p 00011000 b6:d5341 277565                  /usr/lib/jvm/java-8-openjdk-amd64/jre/lib/amd64/libverify.so
7fb0ec838000-7fb0ec83b000 r--p 00000000 b6:d5341 243                     /lib/x86_64-linux-gnu/librt-2.31.so
7fb0ec83b000-7fb0ec83f000 r-xp 00003000 b6:d5341 243                     /lib/x86_64-linux-gnu/librt-2.31.so
7fb0ec83f000-7fb0ec840000 r--p 00007000 b6:d5341 243                     /lib/x86_64-linux-gnu/librt-2.31.so
7fb0ec840000-7fb0ec841000 ---p 00008000 b6:d5341 243                     /lib/x86_64-linux-gnu/librt-2.31.so
7fb0ec841000-7fb0ec842000 r--p 00008000 b6:d5341 243                     /lib/x86_64-linux-gnu/librt-2.31.so
7fb0ec842000-7fb0ec843000 rw-p 00009000 b6:d5341 243                     /lib/x86_64-linux-gnu/librt-2.31.so
7fb0ec843000-7fb0ec844000 ---p 00000000 00:00 0 
7fb0ec844000-7fb0ec847000 ---p 00000000 00:00 0 
7fb0ec847000-7fb0ec944000 rw-p 00000000 00:00 0 
7fb0ec944000-7fb0ec947000 r--p 00000000 b6:d5341 249                     /lib/x86_64-linux-gnu/libgcc_s.so.1
7fb0ec947000-7fb0ec959000 r-xp 00003000 b6:d5341 249                     /lib/x86_64-linux-gnu/libgcc_s.so.1
7fb0ec959000-7fb0ec95d000 r--p 00015000 b6:d5341 249                     /lib/x86_64-linux-gnu/libgcc_s.so.1
7fb0ec95d000-7fb0ec95e000 r--p 00018000 b6:d5341 249                     /lib/x86_64-linux-gnu/libgcc_s.so.1
7fb0ec95e000-7fb0ec95f000 rw-p 00019000 b6:d5341 249                     /lib/x86_64-linux-gnu/libgcc_s.so.1
7fb0ec95f000-7fb0ec96e000 r--p 00000000 b6:d5341 83                      /lib/x86_64-linux-gnu/libm-2.31.so
7fb0ec96e000-7fb0eca15000 r-xp 0000f000 b6:d5341 83                      /lib/x86_64-linux-gnu/libm-2.31.so
7fb0eca15000-7fb0ecaac000 r--p 000b6000 b6:d5341 83                      /lib/x86_64-linux-gnu/libm-2.31.so
7fb0ecaac000-7fb0ecaad000 r--p 0014c000 b6:d5341 83                      /lib/x86_64-linux-gnu/libm-2.31.so
7fb0ecaad000-7fb0ecaae000 rw-p 0014d000 b6:d5341 83                      /lib/x86_64-linux-gnu/libm-2.31.so
7fb0ecaae000-7fb0ecb44000 r--p 00000000 b6:d5341 20009                   /usr/lib/x86_64-linux-gnu/libstdc++.so.6.0.28
7fb0ecb44000-7fb0ecc34000 r-xp 00096000 b6:d5341 20009                   /usr/lib/x86_64-linux-gnu/libstdc++.so.6.0.28
7fb0ecc34000-7fb0ecc7d000 r--p 00186000 b6:d5341 20009                   /usr/lib/x86_64-linux-gnu/libstdc++.so.6.0.28
7fb0ecc7d000-7fb0ecc7e000 ---p 001cf000 b6:d5341 20009                   /usr/lib/x86_64-linux-gnu/libstdc++.so.6.0.28
7fb0ecc7e000-7fb0ecc89000 r--p 001cf000 b6:d5341 20009                   /usr/lib/x86_64-linux-gnu/libstdc++.so.6.0.28
7fb0ecc89000-7fb0ecc8c000 rw-p 001da000 b6:d5341 20009                   /usr/lib/x86_64-linux-gnu/libstdc++.so.6.0.28
7fb0ecc8c000-7fb0ecc8f000 rw-p 00000000 00:00 0 
7fb0ecc8f000-7fb0ece84000 r--p 00000000 b6:d5341 277569                  /usr/lib/jvm/java-8-openjdk-amd64/jre/lib/amd64/server/libjvm.so
7fb0ece84000-7fb0ed7eb000 r-xp 001f5000 b6:d5341 277569                  /usr/lib/jvm/java-8-openjdk-amd64/jre/lib/amd64/server/libjvm.so
7fb0ed7eb000-7fb0ed99c000 r--p 00b5c000 b6:d5341 277569                  /usr/lib/jvm/java-8-openjdk-amd64/jre/lib/amd64/server/libjvm.so
7fb0ed99c000-7fb0ed99d000 ---p 00d0d000 b6:d5341 277569                  /usr/lib/jvm/java-8-openjdk-amd64/jre/lib/amd64/server/libjvm.so
7fb0ed99d000-7fb0eda33000 r--p 00d0d000 b6:d5341 277569                  /usr/lib/jvm/java-8-openjdk-amd64/jre/lib/amd64/server/libjvm.so
7fb0eda33000-7fb0eda5c000 rw-p 00da3000 b6:d5341 277569                  /usr/lib/jvm/java-8-openjdk-amd64/jre/lib/amd64/server/libjvm.so
7fb0eda5c000-7fb0eda91000 rw-p 00000000 00:00 0 
7fb0eda91000-7fb0eda98000 r--p 00000000 b6:d5341 132                     /lib/x86_64-linux-gnu/libpthread-2.31.so
7fb0eda98000-7fb0edaa9000 r-xp 00007000 b6:d5341 132                     /lib/x86_64-linux-gnu/libpthread-2.31.so
7fb0edaa9000-7fb0edaae000 r--p 00018000 b6:d5341 132                     /lib/x86_64-linux-gnu/libpthread-2.31.so
7fb0edaae000-7fb0edaaf000 r--p 0001c000 b6:d5341 132                     /lib/x86_64-linux-gnu/libpthread-2.31.so
7fb0edaaf000-7fb0edab0000 rw-p 0001d000 b6:d5341 132                     /lib/x86_64-linux-gnu/libpthread-2.31.so
7fb0edab0000-7fb0edab4000 rw-p 00000000 00:00 0 
7fb0edab4000-7fb0edab5000 r--p 00000000 b6:d5341 164                     /lib/x86_64-linux-gnu/libdl-2.31.so
7fb0edab5000-7fb0edab7000 r-xp 00001000 b6:d5341 164                     /lib/x86_64-linux-gnu/libdl-2.31.so
7fb0edab7000-7fb0edab8000 r--p 00003000 b6:d5341 164                     /lib/x86_64-linux-gnu/libdl-2.31.so
7fb0edab8000-7fb0edab9000 r--p 00003000 b6:d5341 164                     /lib/x86_64-linux-gnu/libdl-2.31.so
7fb0edab9000-7fb0edaba000 rw-p 00004000 b6:d5341 164                     /lib/x86_64-linux-gnu/libdl-2.31.so
7fb0edaba000-7fb0edabc000 r--p 00000000 b6:d5341 246                     /lib/x86_64-linux-gnu/libz.so.1.2.11
7fb0edabc000-7fb0edacd000 r-xp 00002000 b6:d5341 246                     /lib/x86_64-linux-gnu/libz.so.1.2.11
7fb0edacd000-7fb0edad3000 r--p 00013000 b6:d5341 246                     /lib/x86_64-linux-gnu/libz.so.1.2.11
7fb0edad3000-7fb0edad4000 ---p 00019000 b6:d5341 246                     /lib/x86_64-linux-gnu/libz.so.1.2.11
7fb0edad4000-7fb0edad5000 r--p 00019000 b6:d5341 246                     /lib/x86_64-linux-gnu/libz.so.1.2.11
7fb0edad5000-7fb0edad6000 rw-p 0001a000 b6:d5341 246                     /lib/x86_64-linux-gnu/libz.so.1.2.11
7fb0edad6000-7fb0edafb000 r--p 00000000 b6:d5341 161                     /lib/x86_64-linux-gnu/libc-2.31.so
7fb0edafb000-7fb0edc73000 r-xp 00025000 b6:d5341 161                     /lib/x86_64-linux-gnu/libc-2.31.so
7fb0edc73000-7fb0edcbd000 r--p 0019d000 b6:d5341 161                     /lib/x86_64-linux-gnu/libc-2.31.so
7fb0edcbd000-7fb0edcbe000 ---p 001e7000 b6:d5341 161                     /lib/x86_64-linux-gnu/libc-2.31.so
7fb0edcbe000-7fb0edcc1000 r--p 001e7000 b6:d5341 161                     /lib/x86_64-linux-gnu/libc-2.31.so
7fb0edcc1000-7fb0edcc4000 rw-p 001ea000 b6:d5341 161                     /lib/x86_64-linux-gnu/libc-2.31.so
7fb0edcc4000-7fb0edcc8000 rw-p 00000000 00:00 0 
7fb0edcce000-7fb0edccf000 rw-p 00000000 00:00 0 
7fb0edccf000-7fb0edcd2000 r--p 00000000 b6:d5341 277533                  /usr/lib/jvm/java-8-openjdk-amd64/jre/lib/amd64/jli/libjli.so
7fb0edcd2000-7fb0edcdc000 r-xp 00003000 b6:d5341 277533                  /usr/lib/jvm/java-8-openjdk-amd64/jre/lib/amd64/jli/libjli.so
7fb0edcdc000-7fb0edcdf000 r--p 0000d000 b6:d5341 277533                  /usr/lib/jvm/java-8-openjdk-amd64/jre/lib/amd64/jli/libjli.so
7fb0edcdf000-7fb0edce0000 r--p 0000f000 b6:d5341 277533                  /usr/lib/jvm/java-8-openjdk-amd64/jre/lib/amd64/jli/libjli.so
7fb0edce0000-7fb0edce1000 rw-p 00010000 b6:d5341 277533                  /usr/lib/jvm/java-8-openjdk-amd64/jre/lib/amd64/jli/libjli.so
7fb0edce1000-7fb0edce3000 rw-p 00000000 00:00 0 
7fb0edce3000-7fb0edce4000 r--p 00000000 b6:d5341 233                     /lib/x86_64-linux-gnu/ld-2.31.so
7fb0edce4000-7fb0edd07000 r-xp 00001000 b6:d5341 233                     /lib/x86_64-linux-gnu/ld-2.31.so
7fb0edd07000-7fb0edd0f000 r--p 00024000 b6:d5341 233                     /lib/x86_64-linux-gnu/ld-2.31.so
7fb0edd0f000-7fb0edd10000 r--p 00000000 00:00 0 
7fb0edd10000-7fb0edd11000 r--p 0002c000 b6:d5341 233                     /lib/x86_64-linux-gnu/ld-2.31.so
7fb0edd11000-7fb0edd12000 rw-p 0002d000 b6:d5341 233                     /lib/x86_64-linux-gnu/ld-2.31.so
7fb0edd12000-7fb0edd13000 rw-p 00000000 00:00 0 
7ffd0ffde000-7ffd0ffff000 rw-p 00000000 00:00 0                          [stack]
7ffd10066000-7ffd10068000 r-xp 00000000 00:00 0                          [vdso]
ffffffffff600000-ffffffffff601000 r-xp 00000000 00:00 0                  [vsyscall]

VM Arguments:
jvm_args: -Xmx2048M -Xms2048M 
java_command: start.jar -javaagent:authlib-injector-1.2.1.jar=https://littleskin.cn/api/yggdrasil
java_class_path (initial): start.jar
Launcher Type: SUN_STANDARD

Environment Variables:
PATH=/usr/local/sbin:/usr/local/bin:/usr/sbin:/usr/bin:/sbin:/bin:/usr/games:/usr/local/games:/snap/bin
SHELL=/bin/bash

Signal Handlers:
SIGSEGV: [libjvm.so+0xb35510], sa_mask[0]=11111111011111111101111111111110, sa_flags=SA_RESTART|SA_SIGINFO
SIGBUS: [libjvm.so+0xb35510], sa_mask[0]=11111111011111111101111111111110, sa_flags=SA_RESTART|SA_SIGINFO
SIGFPE: [libjvm.so+0x979230], sa_mask[0]=11111111011111111101111111111110, sa_flags=SA_RESTART|SA_SIGINFO
SIGPIPE: [libjvm.so+0x979230], sa_mask[0]=11111111011111111101111111111110, sa_flags=SA_RESTART|SA_SIGINFO
SIGXFSZ: [libjvm.so+0x979230], sa_mask[0]=11111111011111111101111111111110, sa_flags=SA_RESTART|SA_SIGINFO
SIGILL: [libjvm.so+0x979230], sa_mask[0]=11111111011111111101111111111110, sa_flags=SA_RESTART|SA_SIGINFO
SIGUSR1: SIG_DFL, sa_mask[0]=00000000000000000000000000000000, sa_flags=none
SIGUSR2: [libjvm.so+0x979560], sa_mask[0]=00000000000000000000000000000000, sa_flags=SA_RESTART|SA_SIGINFO
SIGHUP: SIG_DFL, sa_mask[0]=00000000000000000000000000000000, sa_flags=none
SIGINT: SIG_DFL, sa_mask[0]=00000000000000000000000000000000, sa_flags=none
SIGTERM: SIG_DFL, sa_mask[0]=00000000000000000000000000000000, sa_flags=none
SIGQUIT: SIG_DFL, sa_mask[0]=00000000000000000000000000000000, sa_flags=none


---------------  S Y S T E M  ---------------

OS:DISTRIB_ID=Ubuntu
DISTRIB_RELEASE=20.04
DISTRIB_CODENAME=focal
DISTRIB_DESCRIPTION="Ubuntu 20.04.1 LTS"

uname:Linux 3.10.0-1160.53.1.vz7.185.3 #1 SMP Tue Jan 25 12:49:12 MSK 2022 x86_64
libc:glibc 2.31 NPTL 2.31 
rlimit: STACK 8192k, CORE 0k, NPROC 62987, NOFILE 1048576, AS infinity
load average:0.00 0.14 0.20

/proc/meminfo:
MemTotal:         768000 kB
MemFree:          229828 kB
MemAvailable:     733636 kB
Cached:           476404 kB
Buffers:               0 kB
Active:           251936 kB
Inactive:         243640 kB
Active(anon):       9552 kB
Inactive(anon):    11088 kB
Active(file):     242384 kB
Inactive(file):   232552 kB
Unevictable:           0 kB
Mlocked:               0 kB
SwapTotal:             0 kB
SwapFree:              0 kB
Dirty:                48 kB
Writeback:             0 kB
AnonPages:         20640 kB
Shmem:              1452 kB
Slab:              38424 kB
SReclaimable:      28872 kB
SUnreclaim:         9552 kB

container (cgroup) information:
container_type: cgroupv1
cpu_cpuset_cpus: 0-11
cpu_memory_nodes: 0
active_processor_count: 1
cpu_quota: 34960
cpu_period: 100000
cpu_shares: -1
memory_limit_in_bytes: 786432000
memory_and_swap_limit_in_bytes: 786432000
memory_soft_limit_in_bytes: -1
memory_usage_in_bytes: 512901120
memory_max_usage_in_bytes: 757608448


CPU:total 1 (initial active 1) (12 cores per cpu, 1 threads per core) family 23 model 113 stepping 0, cmov, cx8, fxsr, mmx, sse, sse2, sse3, ssse3, sse4.1, sse4.2, popcnt, avx, avx2, aes, clmul, mmxext, 3dnowpref, lzcnt, sse4a, tsc, tscinvbit, tscinv, bmi1

/proc/cpuinfo:
processor	: 0
vendor_id	: AuthenticAMD
cpu family	: 23
model		: 113
model name	: AMD Ryzen 5 3600 6-Core Processor
stepping	: 0
microcode	: 0x8701013
cpu MHz		: 1258.593
cache size	: 512 KB
physical id	: 0
siblings	: 12
core id		: 0
cpu cores	: 6
apicid		: 0
initial apicid	: 0
fpu		: yes
fpu_exception	: yes
cpuid level	: 16
wp		: yes
flags		: fpu vme de pse tsc msr pae mce cx8 apic sep mtrr pge mca cmov pat pse36 clflush mmx fxsr sse sse2 ht syscall nx mmxext fxsr_opt pdpe1gb rdtscp lm constant_tsc art rep_good nopl nonstop_tsc extd_apicid aperfmperf eagerfpu pni pclmulqdq monitor ssse3 fma cx16 sse4_1 sse4_2 movbe popcnt aes xsave avx f16c rdrand lahf_lm cmp_legacy svm extapic cr8_legacy abm sse4a misalignsse 3dnowprefetch osvw ibs skinit wdt tce topoext perfctr_core perfctr_nb bpext perfctr_l2 cpb cat_l3 cdp_l3 hw_pstate sme retpoline_amd ssbd ibpb stibp vmmcall fsgsbase bmi1 avx2 smep bmi2 cqm rdt_a rdseed adx smap clflushopt clwb sha_ni xsaveopt xsavec xgetbv1 cqm_llc cqm_occup_llc cqm_mbm_total cqm_mbm_local clzero irperf xsaveerptr arat npt lbrv svm_lock nrip_save tsc_scale vmcb_clean flushbyasid decodeassists pausefilter pfthreshold avic v_vmsave_vmload vgif umip overflow_recov succor smca
bogomips	: 7186.67
TLB size	: 3072 4K pages
clflush size	: 64
cache_alignment	: 64
address sizes	: 43 bits physical, 48 bits virtual
power management: ts ttp tm hwpstate cpb eff_freq_ro [13] [14]



Memory: 4k page, physical 768000k(267120k free), swap 0k(0k free)

vm_info: OpenJDK 64-Bit Server VM (25.352-b08) for linux-amd64 JRE (1.8.0_352-8u352-ga-1~20.04-b08), built on Oct 25 2022 17:26:06 by "buildd" with gcc 9.4.0

time: Fri Jan 20 22:25:54 2023
timezone: EST
elapsed time: 0.004767 seconds (0d 0h 0m 0s)

