[11:09:59] [Server thread/INFO]: Starting minecraft server version 1.12.2
[11:09:59] [Server thread/WARN]: To start the server with more ram, launch it as "java -Xmx1024M -Xms1024M -jar minecraft_server.jar"
[11:09:59] [Server thread/INFO]: Loading properties
[11:09:59] [Server thread/INFO]: Default game type: SURVIVAL
[11:09:59] [Server thread/INFO]: Generating keypair
[11:10:00] [Server thread/INFO]: Starting Minecraft server on *:40915
[11:10:00] [Server thread/INFO]: Using epoll channel type
[11:10:01] [Server thread/WARN]: **** SERVER IS RUNNING IN OFFLINE/INSECURE MODE!
[11:10:01] [Server thread/WARN]: The server will make no attempt to authenticate usernames. Beware.
[11:10:01] [Server thread/WARN]: While this makes the game possible to play without internet access, it also opens up the ability for hackers to connect with any username they choose.
[11:10:01] [Server thread/WARN]: To change this, set "online-mode" to "true" in the server.properties file.
[11:10:01] [Server thread/INFO]: Preparing level "world"
[11:10:02] [Server thread/INFO]: Loaded 488 advancements
[11:10:02] [Server thread/INFO]: Preparing start region for level 0
[11:10:05] [Server thread/INFO]: Preparing spawn area: 0%
[11:10:06] [Server thread/INFO]: Preparing spawn area: 7%
[11:10:07] [Server thread/INFO]: Preparing spawn area: 30%
[11:10:08] [Server thread/INFO]: Preparing spawn area: 53%
[11:10:09] [Server thread/INFO]: Done (7.899s)! For help, type "help" or "?"
[11:12:53] [Server thread/INFO]: Panti[/240e:388:2106:8200:456:cefc:4ce7:3ac5%0:49734] logged in with entity id 291 at (248.5, 66.0, -142.5)
[11:12:53] [Server thread/INFO]: Panti joined the game
[11:12:57] [Server thread/WARN]: Can't keep up! Did the system time change, or is the server overloaded? Running 2889ms behind, skipping 57 tick(s)
[11:13:00] [Server thread/INFO]: Panti lost connection: Internal Exception: io.netty.channel.unix.Errors$NativeIoException: syscall:read(..) failed: Connection reset by peer
[11:13:00] [Server thread/INFO]: Panti left the game
[11:13:47] [Server Shutdown Thread/INFO]: Stopping server
[11:13:47] [Server Shutdown Thread/INFO]: Saving players
[11:13:47] [Server Shutdown Thread/INFO]: Saving worlds
[11:13:47] [Server Shutdown Thread/INFO]: Saving chunks for level 'world'/overworld
[11:13:47] [Server Shutdown Thread/INFO]: Saving chunks for level 'world'/the_nether
[11:13:47] [Server Shutdown Thread/INFO]: Saving chunks for level 'world'/the_end
